**************************************************
Report         : passing_points

Reference      : Ref:/WORK/System_TOP
Implementation : Imp:/WORK/System_TOP
Version        : L-2016.03-SP1
Date           : Fri Aug 16 05:36:24 2024
**************************************************

3 Passing compare points:

  Ref  Port       Ref:/WORK/System_TOP/TX_OUT
  Impl Port       Imp:/WORK/System_TOP/TX_OUT

  Ref  Port       Ref:/WORK/System_TOP/framing_error
  Impl Port       Imp:/WORK/System_TOP/framing_error

  Ref  Port       Ref:/WORK/System_TOP/parity_error
  Impl Port       Imp:/WORK/System_TOP/parity_error

 [BBNet: multiply-driven net
  BBPin: black-box pin
  Cut:   cut-point
  DFF:   non-constant DFF register
  DFF0:  constant 0 DFF register
  DFF1:  constant 1 DFF register
  DFFX:  constant X DFF register
  DFF0X: constrained 0X DFF register
  DFF1X: constrained 1X DFF register
  LAT:   non-constant latch register
  LAT0:  constant 0 latch register
  LAT1:  constant 1 latch register
  LATX:  constant X latch register
  LAT0X: constrained 0X latch register
  LAT1X: constrained 1X latch register
  LATCG: clock-gating latch register
  TLA:   transparent latch register
  TLA0X: transparent constrained 0X latch register
  TLA1X: transparent constrained 1X latch register
  Loop:  cycle break point
  Port:  primary (top-level) port
  Und:   undriven signal cut-point
  Unk:   unknown signal cut-point]

1
