 
****************************************
Report : port
Design : System_TOP
Version: K-2015.06
Date   : Fri Aug 16 05:25:23 2024
****************************************



Attributes:
    d - dont_touch_network

                       Pin      Wire     Max     Max     Connection
Port           Dir     Load     Load     Trans   Cap     Class      Attrs
--------------------------------------------------------------------------------
REF_CLK        in      0.0000   0.0000   --      --      --         d
RST            in      0.0000   0.0000   --      --      --         
RX_IN          in      0.0000   0.0000    1.50    0.18   --         
SE             in      0.0000   0.0000   --      --      --         
SI[0]          in      0.0000   0.0000   --      --      --         
SI[1]          in      0.0000   0.0000   --      --      --         
SI[2]          in      0.0000   0.0000   --      --      --         
SI[3]          in      0.0000   0.0000   --      --      --         
UART_CLK       in      0.0000   0.0000   --      --      --         d
scan_clk       in      0.0000   0.0000   --      --      --         
scan_rst       in      0.0000   0.0000   --      --      --         
test_mode      in      0.0000   0.0000   --      --      --         
SO[0]          out     0.0000   0.0000   --      --      --         
SO[1]          out     0.0000   0.0000   --      --      --         
SO[2]          out     0.0000   0.0000   --      --      --         
SO[3]          out     0.0000   0.0000   --      --      --         
TX_OUT         out     0.1000   0.0000   --      --      --         
framing_error  out     0.1000   0.0000   --      --      --         
parity_error   out     0.1000   0.0000   --      --      --         

1
